-------------------------------------------------------------------------------
Test set: com.examly.springapp.SpringappApplicationTests
-------------------------------------------------------------------------------
Tests run: 10, Failures: 10, Errors: 0, Skipped: 0, Time elapsed: 2.701 s <<< FAILURE! - in com.examly.springapp.SpringappApplicationTests
com.examly.springapp.SpringappApplicationTests.testPostData  Time elapsed: 0.275 s  <<< FAILURE!
java.lang.AssertionError: Status expected:<201> but was:<404>
	at com.examly.springapp.SpringappApplicationTests.testPostData(SpringappApplicationTests.java:39)

com.examly.springapp.SpringappApplicationTests.testGetAll  Time elapsed: 0.011 s  <<< FAILURE!
java.lang.AssertionError: Status expected:<200> but was:<404>
	at com.examly.springapp.SpringappApplicationTests.testGetAll(SpringappApplicationTests.java:66)

com.examly.springapp.SpringappApplicationTests.testGetEmployeeByID  Time elapsed: 0.007 s  <<< FAILURE!
java.lang.AssertionError: Status expected:<200> but was:<404>
	at com.examly.springapp.SpringappApplicationTests.testGetEmployeeByID(SpringappApplicationTests.java:54)

com.examly.springapp.SpringappApplicationTests.testGetEmployeeByHireDate  Time elapsed: 0.011 s  <<< FAILURE!
java.lang.AssertionError: Status expected:<200> but was:<404>
	at com.examly.springapp.SpringappApplicationTests.testGetEmployeeByHireDate(SpringappApplicationTests.java:82)

com.examly.springapp.SpringappApplicationTests.testGetFirstThreeCharacterNames  Time elapsed: 0.009 s  <<< FAILURE!
java.lang.AssertionError: Status expected:<200> but was:<404>
	at com.examly.springapp.SpringappApplicationTests.testGetFirstThreeCharacterNames(SpringappApplicationTests.java:97)

com.examly.springapp.SpringappApplicationTests.testRepositoryFile  Time elapsed: 0.009 s  <<< FAILURE!
org.opentest4j.AssertionFailedError: expected: <true> but was: <false>
	at com.examly.springapp.SpringappApplicationTests.testRepositoryFile(SpringappApplicationTests.java:123)

com.examly.springapp.SpringappApplicationTests.testModelFile  Time elapsed: 0.003 s  <<< FAILURE!
org.opentest4j.AssertionFailedError: expected: <true> but was: <false>
	at com.examly.springapp.SpringappApplicationTests.testModelFile(SpringappApplicationTests.java:116)

com.examly.springapp.SpringappApplicationTests.testModelFolder  Time elapsed: 0.003 s  <<< FAILURE!
org.opentest4j.AssertionFailedError: expected: <true> but was: <false>
	at com.examly.springapp.SpringappApplicationTests.testModelFolder(SpringappApplicationTests.java:130)

com.examly.springapp.SpringappApplicationTests.testControllerFile  Time elapsed: 0.004 s  <<< FAILURE!
org.opentest4j.AssertionFailedError: expected: <true> but was: <false>
	at com.examly.springapp.SpringappApplicationTests.testControllerFile(SpringappApplicationTests.java:109)

com.examly.springapp.SpringappApplicationTests.testServiceFile  Time elapsed: 0.003 s  <<< FAILURE!
org.opentest4j.AssertionFailedError: expected: <true> but was: <false>
	at com.examly.springapp.SpringappApplicationTests.testServiceFile(SpringappApplicationTests.java:137)

